<?xml version="1.0" encoding="UTF-8"?>
<!-- Generated by org.testng.reporters.JUnitReportReporter -->
<testsuite hostname="DELL-PC" name="com.ecommerce.flipkart.Test.LoginPage.loginPageTest" tests="1" failures="0" timestamp="18 Jul 2020 17:02:16 GMT" time="22.089" errors="0">
  <testcase name="launchBrowser" time="22.089" classname="com.ecommerce.flipkart.Test.LoginPage.loginPageTest"/>
</testsuite> <!-- com.ecommerce.flipkart.Test.LoginPage.loginPageTest -->
