<?xml version="1.0" encoding="UTF-8"?>
<!-- Generated by org.testng.reporters.JUnitReportReporter -->
<testsuite hostname="DELL-PC" name="com.ecommerce.flipkart.Test.HomePage.homePageTest" tests="1" failures="0" timestamp="19 Jul 2020 11:27:36 GMT" time="15.229" errors="0">
  <testcase name="launchBrowser" time="15.229" classname="com.ecommerce.flipkart.Test.HomePage.homePageTest"/>
</testsuite> <!-- com.ecommerce.flipkart.Test.HomePage.homePageTest -->
